0 info it worked if it ends with ok
1 verbose cli [ 'C:\\Program Files\\nodejs\\node.exe',
1 verbose cli   'C:\\Program Files\\nodejs\\node_modules\\npm\\bin\\npm-cli.js',
1 verbose cli   'run',
1 verbose cli   'test-watch' ]
2 info using npm@3.10.10
3 info using node@v6.9.3
4 verbose run-script [ 'pretest-watch', 'test-watch', 'posttest-watch' ]
5 info lifecycle nodetypescripttemplate@1.0.0~pretest-watch: nodetypescripttemplate@1.0.0
6 silly lifecycle nodetypescripttemplate@1.0.0~pretest-watch: no script for pretest-watch, continuing
7 info lifecycle nodetypescripttemplate@1.0.0~test-watch: nodetypescripttemplate@1.0.0
8 verbose lifecycle nodetypescripttemplate@1.0.0~test-watch: unsafe-perm in lifecycle true
9 verbose lifecycle nodetypescripttemplate@1.0.0~test-watch: PATH: C:\Program Files\nodejs\node_modules\npm\bin\node-gyp-bin;C:\Dev\NodeTypescriptTemplate\node_modules\.bin;C:\ProgramData\Oracle\Java\javapath;C:\Windows\system32;C:\Windows;C:\Windows\System32\Wbem;C:\Windows\System32\WindowsPowerShell\v1.0\;C:\Program Files (x86)\NVIDIA Corporation\PhysX\Common;C:\Program Files\Git\cmd;C:\Program Files\nodejs\;C:\Program Files (x86)\Skype\Phone\;C:\Users\smith\AppData\Local\Microsoft\WindowsApps;c:\Program Files (x86)\putty;C:\Users\smith\AppData\Roaming\npm
10 verbose lifecycle nodetypescripttemplate@1.0.0~test-watch: CWD: C:\Dev\NodeTypescriptTemplate
11 silly lifecycle nodetypescripttemplate@1.0.0~test-watch: Args: [ '/d /s /c', 'npm run test -- -w' ]
12 silly lifecycle nodetypescripttemplate@1.0.0~test-watch: Returned: code: 1  signal: null
13 info lifecycle nodetypescripttemplate@1.0.0~test-watch: Failed to exec test-watch script
14 verbose stack Error: nodetypescripttemplate@1.0.0 test-watch: `npm run test -- -w`
14 verbose stack Exit status 1
14 verbose stack     at EventEmitter.<anonymous> (C:\Program Files\nodejs\node_modules\npm\lib\utils\lifecycle.js:255:16)
14 verbose stack     at emitTwo (events.js:106:13)
14 verbose stack     at EventEmitter.emit (events.js:191:7)
14 verbose stack     at ChildProcess.<anonymous> (C:\Program Files\nodejs\node_modules\npm\lib\utils\spawn.js:40:14)
14 verbose stack     at emitTwo (events.js:106:13)
14 verbose stack     at ChildProcess.emit (events.js:191:7)
14 verbose stack     at maybeClose (internal/child_process.js:877:16)
14 verbose stack     at Process.ChildProcess._handle.onexit (internal/child_process.js:226:5)
15 verbose pkgid nodetypescripttemplate@1.0.0
16 verbose cwd C:\Dev\NodeTypescriptTemplate
17 error Windows_NT 10.0.14393
18 error argv "C:\\Program Files\\nodejs\\node.exe" "C:\\Program Files\\nodejs\\node_modules\\npm\\bin\\npm-cli.js" "run" "test-watch"
19 error node v6.9.3
20 error npm  v3.10.10
21 error code ELIFECYCLE
22 error nodetypescripttemplate@1.0.0 test-watch: `npm run test -- -w`
22 error Exit status 1
23 error Failed at the nodetypescripttemplate@1.0.0 test-watch script 'npm run test -- -w'.
23 error Make sure you have the latest version of node.js and npm installed.
23 error If you do, this is most likely a problem with the nodetypescripttemplate package,
23 error not with npm itself.
23 error Tell the author that this fails on your system:
23 error     npm run test -- -w
23 error You can get information on how to open an issue for this project with:
23 error     npm bugs nodetypescripttemplate
23 error Or if that isn't available, you can get their info via:
23 error     npm owner ls nodetypescripttemplate
23 error There is likely additional logging output above.
24 verbose exit [ 1, true ]
